Build started 6/6/2016 12:25:21 PM.
     1>Project "C:\Users\Aniket\Documents\Visual Studio 2010\Projects\FingFong.v.1.1\bgi.vcxproj" on node 2 (build target(s)).
     1>InitializeBuildStatus:
         Creating "x64\Debug\bgi.unsuccessfulbuild" because "AlwaysCreate" was specified.
       ClCompile:
         c:\Program Files (x86)\Microsoft Visual Studio 10.0\VC\bin\x86_amd64\CL.exe /c /Zi /nologo /W3 /WX- /Od /D _MBCS /Gm /EHsc /RTC1 /MDd /GS /fp:precise /Zc:wchar_t /Zc:forScope /Fo"x64\Debug\\" /Fd"x64\Debug\vc100.pdb" /Gd /TP /errorReport:prompt game.cpp
         game.cpp
     1>game.cpp(102): warning C4996: 'sprintf': This function or variable may be unsafe. Consider using sprintf_s instead. To disable deprecation, use _CRT_SECURE_NO_WARNINGS. See online help for details.
                 c:\Program Files (x86)\Microsoft Visual Studio 10.0\VC\include\stdio.h(371) : see declaration of 'sprintf'
     1>game.cpp(41): warning C4102: 'mainmenu' : unreferenced label
       Link:
         c:\Program Files (x86)\Microsoft Visual Studio 10.0\VC\bin\x86_amd64\link.exe /ERRORREPORT:PROMPT /OUT:"C:\Users\Aniket\Documents\Visual Studio 2010\Projects\FingFong.v.1.1\x64\Debug\bgi.exe" /INCREMENTAL:NO /NOLOGO /LIBPATH:"C:\Program Files\MATLAB\MATLAB Production Server\R2015a\extern\lib\win64\microsoft" kernel32.lib user32.lib gdi32.lib winspool.lib comdlg32.lib advapi32.lib shell32.lib ole32.lib oleaut32.lib uuid.lib odbc32.lib odbccp32.lib kernel32.lib user32.lib gdi32.lib winspool.lib comdlg32.lib advapi32.lib shell32.lib ole32.lib oleaut32.lib uuid.lib odbc32.lib odbccp32.lib libmx.lib libeng.lib libmat.lib libmex.lib /MANIFEST /ManifestFile:"x64\Debug\bgi.exe.intermediate.manifest" /MANIFESTUAC:"level='asInvoker' uiAccess='false'" /DEBUG /PDB:"C:\Users\Aniket\Documents\Visual Studio 2010\Projects\FingFong.v.1.1\x64\Debug\bgi.pdb" /TLBID:1 /DYNAMICBASE /NXCOMPAT /IMPLIB:"C:\Users\Aniket\Documents\Visual Studio 2010\Projects\FingFong.v.1.1\x64\Debug\bgi.lib" /MACHINE:X64 x64\Debug\bgiout.obj
         x64\Debug\components.obj
         x64\Debug\dibutil.obj
         x64\Debug\drawing.obj
         x64\Debug\file.obj
         x64\Debug\game.obj
         x64\Debug\misc.obj
         x64\Debug\mouse.obj
         x64\Debug\text.obj
         x64\Debug\winbgi.obj
         x64\Debug\winthread.obj
         bgi.vcxproj -> C:\Users\Aniket\Documents\Visual Studio 2010\Projects\FingFong.v.1.1\x64\Debug\bgi.exe
       Manifest:
         c:\Program Files (x86)\Microsoft SDKs\Windows\v7.0A\bin\mt.exe /nologo /verbose /outputresource:"C:\Users\Aniket\Documents\Visual Studio 2010\Projects\FingFong.v.1.1\x64\Debug\bgi.exe;#1" /manifest x64\Debug\bgi.exe.intermediate.manifest
       FinalizeBuildStatus:
         Deleting file "x64\Debug\bgi.unsuccessfulbuild".
         Touching "x64\Debug\bgi.lastbuildstate".
     1>Done Building Project "C:\Users\Aniket\Documents\Visual Studio 2010\Projects\FingFong.v.1.1\bgi.vcxproj" (build target(s)).

Build succeeded.

Time Elapsed 00:00:07.04
